<?xml version="1.0" encoding="UTF-8"?>
<!-- Generated by org.testng.reporters.JUnitReportReporter -->
<testsuite hostname="LAPTOP-R07U5B31" failures="0" tests="2" name="seleniumcommands.DemoWebShop" time="10.284" errors="0" timestamp="2023-06-10T05:19:46 GST" skipped="0">
  <testcase classname="seleniumcommands.DemoWebShop" name="verifyLoginWithValidDataFromDataProvider" time="6.191"/>
  <system-out/>
  <testcase classname="seleniumcommands.DemoWebShop" name="verifyLoginWithValidDataFromDataProvider" time="4.093"/>
  <system-out/>
</testsuite> <!-- seleniumcommands.DemoWebShop -->
