<?xml version="1.0" encoding="UTF-8"?>
<!-- Generated by org.testng.reporters.JUnitReportReporter -->
<testsuite hostname="LAPTOP-R07U5B31" failures="0" tests="1" name="seleniumcommands.LocatorsAndCommands" time="10.359" errors="0" timestamp="2023-06-05T05:33:52 GST" skipped="0">
  <testcase classname="seleniumcommands.LocatorsAndCommands" name="TC_37_verifyTable2" time="10.359"/>
  <system-out/>
</testsuite> <!-- seleniumcommands.LocatorsAndCommands -->
